<?xml version="1.0" encoding="UTF-8"?>
<testsuite name="com.example.springbootpractice.FbLoginTests" tests="1" skipped="0" failures="0" errors="0" timestamp="2019-08-25T03:57:38" hostname="Sarangs-MacBook-Pro.local" time="0.226">
  <properties/>
  <testcase name="test" classname="com.example.springbootpractice.FbLoginTests" time="0.226"/>
  <system-out><![CDATA[20190825 12:57:15.608 [Test worker] INFO o.s.b.t.c.SpringBootTestContextBootstrapper - Neither @ContextConfiguration nor @ContextHierarchy found for test class [com.example.springbootpractice.FbLoginTests], using SpringBootContextLoader 
20190825 12:57:15.615 [Test worker] INFO o.s.t.c.s.AbstractContextLoader - Could not detect default resource locations for test class [com.example.springbootpractice.FbLoginTests]: no resource found for suffixes {-context.xml, Context.groovy}. 
20190825 12:57:15.616 [Test worker] INFO o.s.t.c.s.AnnotationConfigContextLoaderUtils - Could not detect default configuration classes for test class [com.example.springbootpractice.FbLoginTests]: FbLoginTests does not declare any static, non-private, non-final, nested classes annotated with @Configuration. 
20190825 12:57:15.740 [Test worker] INFO o.s.b.t.c.SpringBootTestContextBootstrapper - Found @SpringBootConfiguration com.example.springbootpractice.SpringBootPracticeApplication for test class com.example.springbootpractice.FbLoginTests 
20190825 12:57:15.838 [Test worker] INFO o.s.b.t.c.SpringBootTestContextBootstrapper - Loaded default TestExecutionListener class names from location [META-INF/spring.factories]: [org.springframework.boot.test.autoconfigure.restdocs.RestDocsTestExecutionListener, org.springframework.boot.test.autoconfigure.web.client.MockRestServiceServerResetTestExecutionListener, org.springframework.boot.test.autoconfigure.web.servlet.MockMvcPrintOnlyOnFailureTestExecutionListener, org.springframework.boot.test.autoconfigure.web.servlet.WebDriverTestExecutionListener, org.springframework.boot.test.mock.mockito.MockitoTestExecutionListener, org.springframework.boot.test.mock.mockito.ResetMocksTestExecutionListener, org.springframework.test.context.web.ServletTestExecutionListener, org.springframework.test.context.support.DirtiesContextBeforeModesTestExecutionListener, org.springframework.test.context.support.DependencyInjectionTestExecutionListener, org.springframework.test.context.support.DirtiesContextTestExecutionListener, org.springframework.test.context.transaction.TransactionalTestExecutionListener, org.springframework.test.context.jdbc.SqlScriptsTestExecutionListener] 
20190825 12:57:15.854 [Test worker] INFO o.s.b.t.c.SpringBootTestContextBootstrapper - Using TestExecutionListeners: [org.springframework.test.context.web.ServletTestExecutionListener@595b5a16, org.springframework.test.context.support.DirtiesContextBeforeModesTestExecutionListener@62f5d772, org.springframework.boot.test.mock.mockito.MockitoTestExecutionListener@3dc5faef, org.springframework.boot.test.autoconfigure.SpringBootDependencyInjectionTestExecutionListener@43fbde6, org.springframework.test.context.support.DirtiesContextTestExecutionListener@737dc9d, org.springframework.test.context.transaction.TransactionalTestExecutionListener@4b35c54e, org.springframework.test.context.jdbc.SqlScriptsTestExecutionListener@59354c45, org.springframework.boot.test.autoconfigure.restdocs.RestDocsTestExecutionListener@201c0a08, org.springframework.boot.test.autoconfigure.web.client.MockRestServiceServerResetTestExecutionListener@19f6e9a2, org.springframework.boot.test.autoconfigure.web.servlet.MockMvcPrintOnlyOnFailureTestExecutionListener@7c8c4067, org.springframework.boot.test.autoconfigure.web.servlet.WebDriverTestExecutionListener@fa87cd7, org.springframework.boot.test.mock.mockito.ResetMocksTestExecutionListener@4f247b60] 

  .   ____          _            __ _ _
 /\\ / ___'_ __ _ _(_)_ __  __ _ \ \ \ \
( ( )\___ | '_ | '_| | '_ \/ _` | \ \ \ \
 \\/  ___)| |_)| | | | | || (_| |  ) ) ) )
  '  |____| .__|_| |_|_| |_\__, | / / / /
 =========|_|==============|___/=/_/_/_/
 :: Spring Boot ::        (v2.1.4.RELEASE)

20190825 12:57:36.097 [Test worker] INFO c.e.s.FbLoginTests - Starting FbLoginTests on Sarangs-MacBook-Pro.local with PID 825 (started by sarangyang in /Users/sarangyang/IdeaProjects/GreenCloudServer) 
20190825 12:57:36.099 [Test worker] INFO c.e.s.FbLoginTests - No active profile set, falling back to default profiles: default 
20190825 12:57:37.838 [Test worker] INFO o.s.s.c.ThreadPoolTaskExecutor - Initializing ExecutorService 'applicationTaskExecutor' 
20190825 12:57:38.300 [Test worker] INFO c.e.s.FbLoginTests - Started FbLoginTests in 22.403 seconds (JVM running for 23.475) 
------ Facebook Login Test ------
{
    "error": {
        "message": "Error validating access token: Session has expired on Tuesday, 30-Apr-19 09:00:00 PDT. The current time is Tuesday, 30-Apr-19 23:55:39 PDT.",
        "type": "OAuthException",
        "code": 190,
        "error_subcode": 463,
        "fbtrace_id": "GWEmiZ5RPxE"
    }
}
Error validating access token: Session has expired on Tuesday, 30-Apr-19 09:00:00 PDT. The current time is Tuesday, 30-Apr-19 23:55:39 PDT.
]]></system-out>
  <system-err><![CDATA[Loading class `com.mysql.jdbc.Driver'. This is deprecated. The new driver class is `com.mysql.cj.jdbc.Driver'. The driver is automatically registered via the SPI and manual loading of the driver class is generally unnecessary.
]]></system-err>
</testsuite>
