<?xml version="1.0" encoding="UTF-8"?>
<testsuite name="com.example.springbootpractice.SpringBootPracticeApplicationTests" tests="1" skipped="0" failures="0" errors="0" timestamp="2019-08-25T03:57:38" hostname="Sarangs-MacBook-Pro.local" time="0.002">
  <properties/>
  <testcase name="contextLoads" classname="com.example.springbootpractice.SpringBootPracticeApplicationTests" time="0.002"/>
  <system-out><![CDATA[20190825 12:57:38.547 [Test worker] INFO o.s.b.t.c.SpringBootTestContextBootstrapper - Neither @ContextConfiguration nor @ContextHierarchy found for test class [com.example.springbootpractice.SpringBootPracticeApplicationTests], using SpringBootContextLoader 
20190825 12:57:38.548 [Test worker] INFO o.s.t.c.s.AbstractContextLoader - Could not detect default resource locations for test class [com.example.springbootpractice.SpringBootPracticeApplicationTests]: no resource found for suffixes {-context.xml, Context.groovy}. 
20190825 12:57:38.548 [Test worker] INFO o.s.t.c.s.AnnotationConfigContextLoaderUtils - Could not detect default configuration classes for test class [com.example.springbootpractice.SpringBootPracticeApplicationTests]: SpringBootPracticeApplicationTests does not declare any static, non-private, non-final, nested classes annotated with @Configuration. 
20190825 12:57:38.550 [Test worker] INFO o.s.b.t.c.SpringBootTestContextBootstrapper - Found @SpringBootConfiguration com.example.springbootpractice.SpringBootPracticeApplication for test class com.example.springbootpractice.SpringBootPracticeApplicationTests 
20190825 12:57:38.551 [Test worker] INFO o.s.b.t.c.SpringBootTestContextBootstrapper - Loaded default TestExecutionListener class names from location [META-INF/spring.factories]: [org.springframework.boot.test.autoconfigure.restdocs.RestDocsTestExecutionListener, org.springframework.boot.test.autoconfigure.web.client.MockRestServiceServerResetTestExecutionListener, org.springframework.boot.test.autoconfigure.web.servlet.MockMvcPrintOnlyOnFailureTestExecutionListener, org.springframework.boot.test.autoconfigure.web.servlet.WebDriverTestExecutionListener, org.springframework.boot.test.mock.mockito.MockitoTestExecutionListener, org.springframework.boot.test.mock.mockito.ResetMocksTestExecutionListener, org.springframework.test.context.web.ServletTestExecutionListener, org.springframework.test.context.support.DirtiesContextBeforeModesTestExecutionListener, org.springframework.test.context.support.DependencyInjectionTestExecutionListener, org.springframework.test.context.support.DirtiesContextTestExecutionListener, org.springframework.test.context.transaction.TransactionalTestExecutionListener, org.springframework.test.context.jdbc.SqlScriptsTestExecutionListener] 
20190825 12:57:38.552 [Test worker] INFO o.s.b.t.c.SpringBootTestContextBootstrapper - Using TestExecutionListeners: [org.springframework.test.context.web.ServletTestExecutionListener@4cc769da, org.springframework.test.context.support.DirtiesContextBeforeModesTestExecutionListener@20ff7680, org.springframework.boot.test.mock.mockito.MockitoTestExecutionListener@4e100a55, org.springframework.boot.test.autoconfigure.SpringBootDependencyInjectionTestExecutionListener@2e39bf59, org.springframework.test.context.support.DirtiesContextTestExecutionListener@59c78afd, org.springframework.test.context.transaction.TransactionalTestExecutionListener@257bc33, org.springframework.test.context.jdbc.SqlScriptsTestExecutionListener@4c5b4c8e, org.springframework.boot.test.autoconfigure.restdocs.RestDocsTestExecutionListener@2f7be12b, org.springframework.boot.test.autoconfigure.web.client.MockRestServiceServerResetTestExecutionListener@4a8e165b, org.springframework.boot.test.autoconfigure.web.servlet.MockMvcPrintOnlyOnFailureTestExecutionListener@75078d1d, org.springframework.boot.test.autoconfigure.web.servlet.WebDriverTestExecutionListener@632e800f, org.springframework.boot.test.mock.mockito.ResetMocksTestExecutionListener@13ac47f8] 
]]></system-out>
  <system-err><![CDATA[]]></system-err>
</testsuite>
